c:\users\kevin\documents\github\project\mychat\statusserver\statusserver\x64\debug\vc143.pdb
c:\users\kevin\documents\github\project\mychat\statusserver\statusserver\x64\debug\vc143.idb
c:\users\kevin\documents\github\project\mychat\statusserver\statusserver\x64\debug\statusserviceimpl.obj
c:\users\kevin\documents\github\project\mychat\statusserver\statusserver\x64\debug\statusserver.obj
c:\users\kevin\documents\github\project\mychat\statusserver\statusserver\x64\debug\redismgr.obj
c:\users\kevin\documents\github\project\mychat\statusserver\statusserver\x64\debug\mysqlmgr.obj
c:\users\kevin\documents\github\project\mychat\statusserver\statusserver\x64\debug\mysqldao.obj
c:\users\kevin\documents\github\project\mychat\statusserver\statusserver\x64\debug\message.pb.obj
c:\users\kevin\documents\github\project\mychat\statusserver\statusserver\x64\debug\message.grpc.pb.obj
c:\users\kevin\documents\github\project\mychat\statusserver\statusserver\x64\debug\configmgr.obj
c:\users\kevin\documents\github\project\mychat\statusserver\statusserver\x64\debug\asioioservicepool.obj
c:\users\kevin\documents\github\project\mychat\statusserver\x64\debug\statusserver.pdb
c:\users\kevin\documents\github\project\mychat\statusserver\statusserver\x64\debug\statusserver.tlog\cl.command.1.tlog
c:\users\kevin\documents\github\project\mychat\statusserver\statusserver\x64\debug\statusserver.tlog\cl.read.1.tlog
c:\users\kevin\documents\github\project\mychat\statusserver\statusserver\x64\debug\statusserver.tlog\cl.write.1.tlog
c:\users\kevin\documents\github\project\mychat\statusserver\statusserver\x64\debug\statusserver.tlog\link-cvtres.read.1.tlog
c:\users\kevin\documents\github\project\mychat\statusserver\statusserver\x64\debug\statusserver.tlog\link-cvtres.write.1.tlog
c:\users\kevin\documents\github\project\mychat\statusserver\statusserver\x64\debug\statusserver.tlog\link-rc.read.1.tlog
c:\users\kevin\documents\github\project\mychat\statusserver\statusserver\x64\debug\statusserver.tlog\link-rc.write.1.tlog
c:\users\kevin\documents\github\project\mychat\statusserver\statusserver\x64\debug\statusserver.tlog\link.command.1.tlog
c:\users\kevin\documents\github\project\mychat\statusserver\statusserver\x64\debug\statusserver.tlog\link.read.1.tlog
c:\users\kevin\documents\github\project\mychat\statusserver\statusserver\x64\debug\statusserver.tlog\link.read.2.tlog
c:\users\kevin\documents\github\project\mychat\statusserver\statusserver\x64\debug\statusserver.tlog\link.read.3.tlog
c:\users\kevin\documents\github\project\mychat\statusserver\statusserver\x64\debug\statusserver.tlog\link.read.4.tlog
c:\users\kevin\documents\github\project\mychat\statusserver\statusserver\x64\debug\statusserver.tlog\link.read.5.tlog
c:\users\kevin\documents\github\project\mychat\statusserver\statusserver\x64\debug\statusserver.tlog\link.read.6.tlog
c:\users\kevin\documents\github\project\mychat\statusserver\statusserver\x64\debug\statusserver.tlog\link.write.1.tlog
