c:\users\kevin\documents\github\project\mychat\gateserver\gateserver\x64\debug\vc143.pdb
c:\users\kevin\documents\github\project\mychat\gateserver\gateserver\x64\debug\vc143.idb
c:\users\kevin\documents\github\project\mychat\gateserver\gateserver\x64\debug\verifygrpcclient.obj
c:\users\kevin\documents\github\project\mychat\gateserver\gateserver\x64\debug\redismgr.obj
c:\users\kevin\documents\github\project\mychat\gateserver\gateserver\x64\debug\mysqlmgr.obj
c:\users\kevin\documents\github\project\mychat\gateserver\gateserver\x64\debug\message.pb.obj
c:\users\kevin\documents\github\project\mychat\gateserver\gateserver\x64\debug\message.grpc.pb.obj
c:\users\kevin\documents\github\project\mychat\gateserver\gateserver\x64\debug\logicsystem.obj
c:\users\kevin\documents\github\project\mychat\gateserver\gateserver\x64\debug\httpconnection.obj
c:\users\kevin\documents\github\project\mychat\gateserver\gateserver\x64\debug\gateserver.obj
c:\users\kevin\documents\github\project\mychat\gateserver\gateserver\x64\debug\cserver.obj
c:\users\kevin\documents\github\project\mychat\gateserver\gateserver\x64\debug\configmgr.obj
c:\users\kevin\documents\github\project\mychat\gateserver\gateserver\x64\debug\asioioservicepool.obj
c:\users\kevin\documents\github\project\mychat\gateserver\gateserver\x64\debug\statusgrpcclient.obj
c:\users\kevin\documents\github\project\mychat\gateserver\gateserver\x64\debug\mysqldao.obj
c:\users\kevin\documents\github\project\mychat\gateserver\x64\debug\gateserver.exe
c:\users\kevin\documents\github\project\mychat\gateserver\x64\debug\gateserver.pdb
c:\users\kevin\documents\github\project\mychat\gateserver\gateserver\x64\debug\gateserver.ilk
c:\users\kevin\documents\github\project\mychat\gateserver\gateserver\x64\debug\msqldao.obj
c:\users\kevin\documents\github\project\mychat\gateserver\gateserver\x64\debug\gateserver.tlog\cl.command.1.tlog
c:\users\kevin\documents\github\project\mychat\gateserver\gateserver\x64\debug\gateserver.tlog\cl.items.tlog
c:\users\kevin\documents\github\project\mychat\gateserver\gateserver\x64\debug\gateserver.tlog\cl.read.1.tlog
c:\users\kevin\documents\github\project\mychat\gateserver\gateserver\x64\debug\gateserver.tlog\cl.write.1.tlog
c:\users\kevin\documents\github\project\mychat\gateserver\gateserver\x64\debug\gateserver.tlog\link.command.1.tlog
c:\users\kevin\documents\github\project\mychat\gateserver\gateserver\x64\debug\gateserver.tlog\link.read.1.tlog
c:\users\kevin\documents\github\project\mychat\gateserver\gateserver\x64\debug\gateserver.tlog\link.secondary.1.tlog
c:\users\kevin\documents\github\project\mychat\gateserver\gateserver\x64\debug\gateserver.tlog\link.write.1.tlog
