  AsioIOServicePool.cpp
C:\Users\Kevin\Documents\GitHub\Project\mychat\StatusServer\AsioIOServicePool.h(5,10): error C1083: 无法打开包括文件: “boost/asio.hpp”: No such file or directory
  (编译源文件“AsioIOServicePool.cpp”)
  
  ConfigMgr.cpp
C:\Users\Kevin\Documents\GitHub\Project\mychat\StatusServer\ConfigMgr.h(3,10): error C1083: 无法打开包括文件: “boost/property_tree/ptree.hpp”: No such file or directory
  (编译源文件“ConfigMgr.cpp”)
  
  message.grpc.pb.cc
C:\Users\Kevin\Documents\GitHub\Project\mychat\StatusServer\message.pb.h(10,10): error C1083: 无法打开包括文件: “google/protobuf/port_def.inc”: No such file or directory
  (编译源文件“message.grpc.pb.cc”)
  
  message.pb.cc
C:\Users\Kevin\Documents\GitHub\Project\mychat\StatusServer\message.pb.h(10,10): error C1083: 无法打开包括文件: “google/protobuf/port_def.inc”: No such file or directory
  (编译源文件“message.pb.cc”)
  
  MysqlDao.cpp
C:\Users\Kevin\Documents\GitHub\Project\mychat\StatusServer\const.h(2,10): error C1083: 无法打开包括文件: “boost/beast/http.hpp”: No such file or directory
  (编译源文件“MysqlDao.cpp”)
  
  MysqlMgr.cpp
C:\Users\Kevin\Documents\GitHub\Project\mychat\StatusServer\const.h(2,10): error C1083: 无法打开包括文件: “boost/beast/http.hpp”: No such file or directory
  (编译源文件“MysqlMgr.cpp”)
  
  RedisMgr.cpp
C:\Users\Kevin\Documents\GitHub\Project\mychat\StatusServer\const.h(2,10): error C1083: 无法打开包括文件: “boost/beast/http.hpp”: No such file or directory
  (编译源文件“RedisMgr.cpp”)
  
  StatusServer.cpp
C:\Users\Kevin\Documents\GitHub\Project\mychat\StatusServer\StatusServer.cpp(2,10): error C1083: 无法打开包括文件: “json/json.h”: No such file or directory
  StatusServiceImpl.cpp
C:\Users\Kevin\Documents\GitHub\Project\mychat\StatusServer\StatusServiceImpl.h(2,10): error C1083: 无法打开包括文件: “grpcpp/grpcpp.h”: No such file or directory
  (编译源文件“StatusServiceImpl.cpp”)
  
